[INFO ] [2019-11-05 15:09:05,822] [utility.Log] make model details entered 
[INFO ] [2019-11-05 15:09:22,029] [utility.Log] entered place of registeration 
[INFO ] [2019-11-05 15:09:23,056] [utility.Log] entered place of registration 
[INFO ] [2019-11-05 15:09:25,179] [utility.Log] enter vehicle details 
[INFO ] [2019-11-05 15:09:30,293] [utility.Log] entering policy details 
[INFO ] [2019-11-05 15:09:31,950] [utility.Log] entered policy details 
[INFO ] [2019-11-05 15:09:37,506] [utility.Log] entering fullname 
[INFO ] [2019-11-05 15:09:38,022] [utility.Log] entered fullname 
[INFO ] [2019-11-05 15:09:38,024] [utility.Log] entering Mobile no 
[INFO ] [2019-11-05 15:09:38,189] [utility.Log] entered Mobile no 
[INFO ] [2019-11-05 15:42:44,982] [utility.Log] entering vehicle details 
[INFO ] [2019-11-05 15:42:49,165] [utility.Log] Entered make Model 
[INFO ] [2019-11-05 15:43:01,776] [utility.Log] entering place of registeration 
[INFO ] [2019-11-05 15:43:02,497] [utility.Log] entered place of registration 
[INFO ] [2019-11-05 15:43:02,890] [utility.Log] entered vehicle details 
[INFO ] [2019-11-05 15:43:07,995] [utility.Log] entering policy details 
[INFO ] [2019-11-05 15:43:09,705] [utility.Log] entered policy details 
[INFO ] [2019-11-05 15:43:15,119] [utility.Log] entering fullname 
[INFO ] [2019-11-05 15:43:15,685] [utility.Log] entered fullname 
[INFO ] [2019-11-05 15:43:15,700] [utility.Log] entering Mobile no 
[INFO ] [2019-11-05 15:43:15,998] [utility.Log] entered Mobile no 
